<?xml version="1.0" encoding="UTF-8"?>
<!-- Generated by org.testng.reporters.JUnitXMLReporter -->
<testsuite ignored="0" hostname="remigesadm-Latitude-3420" failures="1" tests="3" name="Test" time="1.495" errors="0" timestamp="2025-04-23T11:42:56 IST">
  <testcase classname="com.base.BaseTest" name="@AfterMethod teardown" time="0.0">
    <failure type="com.microsoft.playwright.PlaywrightException" message="Playwright connection closed">
      <![CDATA[com.microsoft.playwright.PlaywrightException: Playwright connection closed
at com.microsoft.playwright.impl.PipeTransport.send(PipeTransport.java:50)
at com.microsoft.playwright.impl.Connection.internalSendMessage(Connection.java:164)
at com.microsoft.playwright.impl.Connection.sendMessageAsync(Connection.java:130)
at com.microsoft.playwright.impl.Connection.sendMessage(Connection.java:126)
at com.microsoft.playwright.impl.ChannelOwner.sendMessage(ChannelOwner.java:102)
at com.microsoft.playwright.impl.ChannelOwner.sendMessage(ChannelOwner.java:98)
at com.microsoft.playwright.impl.BrowserImpl.closeImpl(BrowserImpl.java:84)
at com.microsoft.playwright.impl.BrowserImpl.lambda$close$0(BrowserImpl.java:71)
at com.microsoft.playwright.impl.LoggingSupport.lambda$withLogging$0(LoggingSupport.java:36)
at com.microsoft.playwright.impl.LoggingSupport.withLogging(LoggingSupport.java:47)
at com.microsoft.playwright.impl.ChannelOwner.withLogging(ChannelOwner.java:87)
at com.microsoft.playwright.impl.LoggingSupport.withLogging(LoggingSupport.java:35)
at com.microsoft.playwright.impl.BrowserImpl.close(BrowserImpl.java:71)
at com.base.BaseTest.teardown(BaseTest.java:28)
at java.base/java.util.ArrayList.forEach(ArrayList.java:1596)
... Removed 30 stack frames]]>
    </failure>
  </testcase> <!-- @AfterMethod teardown -->
  <testcase classname="com.base.BaseTest" name="@AfterMethod teardown" time="0.0">
    <skipped/>
  </testcase> <!-- @AfterMethod teardown -->
  <testcase classname="com.base.BaseTest" name="setup" time="0.482"/>
  <testcase classname="com.base.BaseTest" name="teardown" time="0.002">
    <failure type="com.microsoft.playwright.PlaywrightException" message="Playwright connection closed">
      <![CDATA[com.microsoft.playwright.PlaywrightException: Playwright connection closed
at com.microsoft.playwright.impl.PipeTransport.send(PipeTransport.java:50)
at com.microsoft.playwright.impl.Connection.internalSendMessage(Connection.java:164)
at com.microsoft.playwright.impl.Connection.sendMessageAsync(Connection.java:130)
at com.microsoft.playwright.impl.Connection.sendMessage(Connection.java:126)
at com.microsoft.playwright.impl.ChannelOwner.sendMessage(ChannelOwner.java:102)
at com.microsoft.playwright.impl.ChannelOwner.sendMessage(ChannelOwner.java:98)
at com.microsoft.playwright.impl.BrowserImpl.closeImpl(BrowserImpl.java:84)
at com.microsoft.playwright.impl.BrowserImpl.lambda$close$0(BrowserImpl.java:71)
at com.microsoft.playwright.impl.LoggingSupport.lambda$withLogging$0(LoggingSupport.java:36)
at com.microsoft.playwright.impl.LoggingSupport.withLogging(LoggingSupport.java:47)
at com.microsoft.playwright.impl.ChannelOwner.withLogging(ChannelOwner.java:87)
at com.microsoft.playwright.impl.LoggingSupport.withLogging(LoggingSupport.java:35)
at com.microsoft.playwright.impl.BrowserImpl.close(BrowserImpl.java:71)
at com.base.BaseTest.teardown(BaseTest.java:28)
at java.base/java.util.ArrayList.forEach(ArrayList.java:1596)
... Removed 25 stack frames]]>
    </failure>
  </testcase> <!-- teardown -->
  <testcase classname="com.tests.LoginTest" name="testValidLogin" time="0.0">
    <skipped/>
  </testcase> <!-- testValidLogin -->
</testsuite> <!-- Test -->
