<?xml version="1.0" encoding="UTF-8"?>
<!-- Generated by org.testng.reporters.JUnitXMLReporter -->
<testsuite ignored="0" hostname="remigesadm-Latitude-3420" failures="1" tests="1" name="Test" time="26.614" errors="0" timestamp="2025-04-28T12:34:05 IST">
  <testcase classname="com.tests.LoginTest" name="testValidLogin" time="26.516">
    <failure type="java.lang.NullPointerException" message="Cannot invoke &amp;quot;org.apache.poi.xssf.usermodel.XSSFWorkbook.getSheet(String)&amp;quot; because &amp;quot;this.workbook&amp;quot; is null">
      <![CDATA[java.lang.NullPointerException: Cannot invoke "org.apache.poi.xssf.usermodel.XSSFWorkbook.getSheet(String)" because "this.workbook" is null
at com.utilities.UpdateExcel.updateTestResult(UpdateExcel.java:81)
at com.tests.LoginTest.testValidLogin(LoginTest.java:35)
at java.base/java.util.ArrayList.forEach(ArrayList.java:1596)
... Removed 25 stack frames]]>
    </failure>
  </testcase> <!-- testValidLogin -->
</testsuite> <!-- Test -->
