<?xml version="1.0" encoding="UTF-8"?>
<testng-results ignored="0" total="1" passed="1" failed="0" skipped="0">
  <reporter-output>
  </reporter-output>
  <suite started-at="2025-04-30T12:13:07 IST" name="Suite" finished-at="2025-04-30T12:13:52 IST" duration-ms="45579">
    <groups>
    </groups>
    <test started-at="2025-04-30T12:13:07 IST" name="Login Test" finished-at="2025-04-30T12:13:52 IST" duration-ms="45579">
      <class name="com.tests.LoginTest">
        <test-method signature="testValidLogin()[pri:0, instance:com.tests.LoginTest@1725dc0f]" started-at="2025-04-30T12:13:07 IST" name="testValidLogin" finished-at="2025-04-30T12:13:52 IST" duration-ms="45545" status="PASS">
          <reporter-output>
          </reporter-output>
        </test-method> <!-- testValidLogin -->
        <test-method is-config="true" signature="teardown()[pri:0, instance:com.tests.LoginTest@1725dc0f]" started-at="2025-04-30T12:13:52 IST" name="teardown" finished-at="2025-04-30T12:13:57 IST" duration-ms="4461" status="PASS">
          <reporter-output>
          </reporter-output>
        </test-method> <!-- teardown -->
      </class> <!-- com.tests.LoginTest -->
    </test> <!-- Login Test -->
  </suite> <!-- Suite -->
</testng-results>
